 Beispiel 5 IT-Installation

Vorgangsnummer; Vorgangsbezeichnung; D; FAZ; FEZ; SAZ; SEZ; GP; FP
1; Infrastruktur ermitteln; 1; -; 2, 3; 0; 1; 0; 1; 0; 0
2; Arbeitsplatzbedarf ermitteln; 2; 1; 5; 1; 3; 1; 3; 0; 0
3; Netzwerkplan entwerfen; 1; 1; 4, 7; 1; 2; 6; 7; 5; 0
4; Peripheriebedarf ermitteln; 1; 3; 8; 2; 3; 15; 16; 13; 0
5; Hardware PC + Server beschaffen; 4; 2; 6, 7, 9; 3; 7; 3; 7; 0; 0
6; Software beschaffen; 2; 5; 12; 7; 9; 16; 18; 9; 8
7; Netzwerkzubehör beschaffen; 5; 3, 5; 11; 7; 12; 7; 12; 0; 0
8; Peripherie beschaffen; 1; 4; 13; 3; 4; 16; 17; 13; 13
9; Hardware PC + Server aufbauen; 6; 5; 10; 7; 13; 8; 14; 1; 0
10; Server installieren; 3; 9; 12, 13, 15; 13; 16; 14; 17; 1; 0
11; Netzwerk aufbauen; 5; 7; 12, 13; 12; 17; 12; 17; 0; 0
12; PC-Image anlegen; 1; 6, 10, 11; 16; 17; 18; 18; 19; 1; 0
13; Peripherie anschließen; 1; 8, 10, 11; 14; 17; 18; 17; 18; 0; 0
14; Netzwerkplan dokumentieren; 2; 13; 17; 18; 20; 18; 20; 0; 0
15; Server-Image anlegen; 1; 10; 17; 16; 17; 19; 20; 3; 3
16; PC-Remote installieren; 1; 12; 17; 18; 19; 19; 20; 1; 1
17; Gesamtdokumentation erstellen; 3; 14, 15, 16; -; 20; 23; 20; 23; 0; 0


Anfangsvorgaenge: 1
Endvorgaenge: 17
Gesamtdauer: 23

Kritische Pfade: 
1->2->5->7->11->13->14->17
